<?xml version="1.0" encoding="utf-8"?><testsuites name="pytest tests"><testsuite name="pytest" errors="0" failures="0" skipped="0" tests="4" time="0.876" timestamp="2025-09-07T19:40:49.907546-03:00" hostname="DESKTOP-PFIO3PJ"><testcase classname="11502_test" name="test_11502_get_users" time="0.149" /><testcase classname="11503_test" name="test_11502_get_users" time="0.165" /><testcase classname="test_get2" name="test_get_users_list" time="0.196" /><testcase classname="test_get2" name="test_create_post" time="0.283" /></testsuite></testsuites>